Drill report for /media/internal/envox/LVDS_RGB_experimental/hardware/LCD_PMOD.kicad_pcb
Created on subota, 15. veljače 2020. 12:20:38 CET

Copper Layer Stackup:
    =============================================================
    L1 :  F.Cu                      front
    L2 :  B.Cu                      back


Drill file 'LCD_PMOD-PTH.drl' contains
    plated through holes:
    =============================================================
    T1  0,30mm  0,012"  (859 holes)
    T2  0,40mm  0,016"  (56 holes)
    T3  0,50mm  0,020"  (42 holes)
    T4  0,80mm  0,031"  (30 holes)
    T5  1,00mm  0,039"  (161 holes)
    T6  1,30mm  0,051"  (32 holes)
    T7  2,20mm  0,087"  (4 holes)
    T8  3,50mm  0,138"  (4 holes)

    Total plated holes count 1188


Drill file 'LCD_PMOD-NPTH.drl' contains
    unplated through holes:
    =============================================================

    Total unplated holes count 0
